nohup: ignoring input
Loading required package: methods
The output folder ‘/dataVolume/storage/single_cell_pipeline/output/
  GT_20180109_SHL_H_sapiens_RB_31_output/copywriter/250kb’ has been
  detected 
Generated GC-content and mappability data at 250000 bp resolution... 
Generated blacklist file... 
The following samples will be analyzed: 
sample: RNA-Seq-1_S1_R1_001_depth_under_3.bam ; 	 matching control: RNA-Seq-1_S1_R1_001_depth_under_3.bam
sample: RNA-Seq-2_S2_R1_001_depth_under_3.bam ; 	 matching control: RNA-Seq-2_S2_R1_001_depth_under_3.bam
sample: RNA-Seq-3_S3_R1_001_depth_under_3.bam ; 	 matching control: RNA-Seq-3_S3_R1_001_depth_under_3.bam
sample: RNA-Seq-4_S4_R1_001_depth_under_3.bam ; 	 matching control: RNA-Seq-4_S4_R1_001_depth_under_3.bam
sample: RNA-Seq-5_S5_R1_001_depth_under_3.bam ; 	 matching control: RNA-Seq-5_S5_R1_001_depth_under_3.bam
sample: RNA-Seq-6_S6_R1_001_depth_under_3.bam ; 	 matching control: RNA-Seq-6_S6_R1_001_depth_under_3.bam
sample: RNA-Seq-7_S7_R1_001_depth_under_3.bam ; 	 matching control: RNA-Seq-7_S7_R1_001_depth_under_3.bam
sample: RNA-Seq-8_S8_R1_001_depth_under_3.bam ; 	 matching control: RNA-Seq-8_S8_R1_001_depth_under_3.bam
sample: DR_Seq_1X-1_S9_R1_001_depth_under_3.bam ; 	 matching control: DR_Seq_1X-1_S9_R1_001_depth_under_3.bam
sample: DR_Seq_1X-2_S10_R1_001_depth_under_3.bam ; 	 matching control: DR_Seq_1X-2_S10_R1_001_depth_under_3.bam
sample: DR_Seq_1X-3_S11_R1_001_depth_under_3.bam ; 	 matching control: DR_Seq_1X-3_S11_R1_001_depth_under_3.bam
sample: DR_Seq_1X-4_S12_R1_001_depth_under_3.bam ; 	 matching control: DR_Seq_1X-4_S12_R1_001_depth_under_3.bam
sample: DR_Seq_1X-5_S13_R1_001_depth_under_3.bam ; 	 matching control: DR_Seq_1X-5_S13_R1_001_depth_under_3.bam
sample: DR_Seq_1X-6_S14_R1_001_depth_under_3.bam ; 	 matching control: DR_Seq_1X-6_S14_R1_001_depth_under_3.bam
sample: DR_Seq_1X-7_S15_R1_001_depth_under_3.bam ; 	 matching control: DR_Seq_1X-7_S15_R1_001_depth_under_3.bam
sample: DR_Seq_1X-8_S16_R1_001_depth_under_3.bam ; 	 matching control: DR_Seq_1X-8_S16_R1_001_depth_under_3.bam
sample: DR_Seq_1X-9_S17_R1_001_depth_under_3.bam ; 	 matching control: DR_Seq_1X-9_S17_R1_001_depth_under_3.bam
sample: DR_Seq_1X-10_S18_R1_001_depth_under_3.bam ; 	 matching control: DR_Seq_1X-10_S18_R1_001_depth_under_3.bam
sample: DR_Seq_0_5X-1_S19_R1_001_depth_under_3.bam ; 	 matching control: DR_Seq_0_5X-1_S19_R1_001_depth_under_3.bam
sample: DR_Seq_0_5X-2_S20_R1_001_depth_under_3.bam ; 	 matching control: DR_Seq_0_5X-2_S20_R1_001_depth_under_3.bam
sample: DR_Seq_0_5X-3_S21_R1_001_depth_under_3.bam ; 	 matching control: DR_Seq_0_5X-3_S21_R1_001_depth_under_3.bam
sample: DR_Seq_0_5X-4_S22_R1_001_depth_under_3.bam ; 	 matching control: DR_Seq_0_5X-4_S22_R1_001_depth_under_3.bam
sample: DR_Seq_0_5X-5_S23_R1_001_depth_under_3.bam ; 	 matching control: DR_Seq_0_5X-5_S23_R1_001_depth_under_3.bam
sample: DR_Seq_0_5X-6_S24_R1_001_depth_under_3.bam ; 	 matching control: DR_Seq_0_5X-6_S24_R1_001_depth_under_3.bam
sample: DR_Seq_0_5X-7_S25_R1_001_depth_under_3.bam ; 	 matching control: DR_Seq_0_5X-7_S25_R1_001_depth_under_3.bam
sample: DR_Seq_0_3X-1_S26_R1_001_depth_under_3.bam ; 	 matching control: DR_Seq_0_3X-1_S26_R1_001_depth_under_3.bam
sample: DR_Seq_0_3X-2_S27_R1_001_depth_under_3.bam ; 	 matching control: DR_Seq_0_3X-2_S27_R1_001_depth_under_3.bam
sample: DR_Seq_0_3X-3_S28_R1_001_depth_under_3.bam ; 	 matching control: DR_Seq_0_3X-3_S28_R1_001_depth_under_3.bam
sample: DR_Seq_0_3X-4_S29_R1_001_depth_under_3.bam ; 	 matching control: DR_Seq_0_3X-4_S29_R1_001_depth_under_3.bam
sample: DR_Seq_0_3X-5_S30_R1_001_depth_under_3.bam ; 	 matching control: DR_Seq_0_3X-5_S30_R1_001_depth_under_3.bam
sample: DR_Seq_0_3X-6_S31_R1_001_depth_under_3.bam ; 	 matching control: DR_Seq_0_3X-6_S31_R1_001_depth_under_3.bam
sample: DR_Seq_0_3X-7_S32_R1_001_depth_under_3.bam ; 	 matching control: DR_Seq_0_3X-7_S32_R1_001_depth_under_3.bam
The bin size for this analysis is 250000 
The capture region file is not specified 
This analysis will be run on 3 cpus 
Plotting to file /dataVolume/storage/single_cell_pipeline/output/GT_20180109_SHL_H_sapiens_RB_31_output/copywriter/250kb/CNAprofiles/qc/read.counts.compensated.DR_Seq_0_5X-4_S22_R1_001_depth_under_3.bam.png 
Plotting to file /dataVolume/storage/single_cell_pipeline/output/GT_20180109_SHL_H_sapiens_RB_31_output/copywriter/250kb/CNAprofiles/qc/read.counts.compensated.DR_Seq_0_5X-5_S23_R1_001_depth_under_3.bam.png 
Plotting to file /dataVolume/storage/single_cell_pipeline/output/GT_20180109_SHL_H_sapiens_RB_31_output/copywriter/250kb/CNAprofiles/qc/read.counts.compensated.DR_Seq_0_5X-6_S24_R1_001_depth_under_3.bam.png 
Plotting to file /dataVolume/storage/single_cell_pipeline/output/GT_20180109_SHL_H_sapiens_RB_31_output/copywriter/250kb/CNAprofiles/qc/read.counts.compensated.DR_Seq_0_5X-7_S25_R1_001_depth_under_3.bam.png 
Plotting to file /dataVolume/storage/single_cell_pipeline/output/GT_20180109_SHL_H_sapiens_RB_31_output/copywriter/250kb/CNAprofiles/qc/read.counts.compensated.DR_Seq_0_3X-1_S26_R1_001_depth_under_3.bam.png 
Plotting to file /dataVolume/storage/single_cell_pipeline/output/GT_20180109_SHL_H_sapiens_RB_31_output/copywriter/250kb/CNAprofiles/qc/read.counts.compensated.DR_Seq_0_3X-2_S27_R1_001_depth_under_3.bam.png 
Plotting to file /dataVolume/storage/single_cell_pipeline/output/GT_20180109_SHL_H_sapiens_RB_31_output/copywriter/250kb/CNAprofiles/qc/read.counts.compensated.DR_Seq_0_3X-3_S28_R1_001_depth_under_3.bam.png 
Plotting to file /dataVolume/storage/single_cell_pipeline/output/GT_20180109_SHL_H_sapiens_RB_31_output/copywriter/250kb/CNAprofiles/qc/read.counts.compensated.DR_Seq_0_3X-4_S29_R1_001_depth_under_3.bam.png 
Plotting to file /dataVolume/storage/single_cell_pipeline/output/GT_20180109_SHL_H_sapiens_RB_31_output/copywriter/250kb/CNAprofiles/qc/read.counts.compensated.DR_Seq_0_3X-5_S30_R1_001_depth_under_3.bam.png 
Plotting to file /dataVolume/storage/single_cell_pipeline/output/GT_20180109_SHL_H_sapiens_RB_31_output/copywriter/250kb/CNAprofiles/qc/read.counts.compensated.DR_Seq_0_3X-6_S31_R1_001_depth_under_3.bam.png 
Plotting to file /dataVolume/storage/single_cell_pipeline/output/GT_20180109_SHL_H_sapiens_RB_31_output/copywriter/250kb/CNAprofiles/qc/read.counts.compensated.DR_Seq_0_3X-7_S32_R1_001_depth_under_3.bam.png 
Plotting to file /dataVolume/storage/single_cell_pipeline/output/GT_20180109_SHL_H_sapiens_RB_31_output/copywriter/250kb/CNAprofiles/qc/read.counts.compensated.RNA-Seq-1_S1_R1_001_depth_under_3.bam.png 
Plotting to file /dataVolume/storage/single_cell_pipeline/output/GT_20180109_SHL_H_sapiens_RB_31_output/copywriter/250kb/CNAprofiles/qc/read.counts.compensated.RNA-Seq-2_S2_R1_001_depth_under_3.bam.png 
Plotting to file /dataVolume/storage/single_cell_pipeline/output/GT_20180109_SHL_H_sapiens_RB_31_output/copywriter/250kb/CNAprofiles/qc/read.counts.compensated.RNA-Seq-3_S3_R1_001_depth_under_3.bam.png 
Plotting to file /dataVolume/storage/single_cell_pipeline/output/GT_20180109_SHL_H_sapiens_RB_31_output/copywriter/250kb/CNAprofiles/qc/read.counts.compensated.RNA-Seq-4_S4_R1_001_depth_under_3.bam.png 
Plotting to file /dataVolume/storage/single_cell_pipeline/output/GT_20180109_SHL_H_sapiens_RB_31_output/copywriter/250kb/CNAprofiles/qc/read.counts.compensated.RNA-Seq-5_S5_R1_001_depth_under_3.bam.png 
Plotting to file /dataVolume/storage/single_cell_pipeline/output/GT_20180109_SHL_H_sapiens_RB_31_output/copywriter/250kb/CNAprofiles/qc/read.counts.compensated.RNA-Seq-6_S6_R1_001_depth_under_3.bam.png 
Plotting to file /dataVolume/storage/single_cell_pipeline/output/GT_20180109_SHL_H_sapiens_RB_31_output/copywriter/250kb/CNAprofiles/qc/read.counts.compensated.RNA-Seq-7_S7_R1_001_depth_under_3.bam.png 
Plotting to file /dataVolume/storage/single_cell_pipeline/output/GT_20180109_SHL_H_sapiens_RB_31_output/copywriter/250kb/CNAprofiles/qc/read.counts.compensated.RNA-Seq-8_S8_R1_001_depth_under_3.bam.png 
Plotting to file /dataVolume/storage/single_cell_pipeline/output/GT_20180109_SHL_H_sapiens_RB_31_output/copywriter/250kb/CNAprofiles/qc/read.counts.compensated.DR_Seq_1X-1_S9_R1_001_depth_under_3.bam.png 
Plotting to file /dataVolume/storage/single_cell_pipeline/output/GT_20180109_SHL_H_sapiens_RB_31_output/copywriter/250kb/CNAprofiles/qc/read.counts.compensated.DR_Seq_1X-2_S10_R1_001_depth_under_3.bam.png 
Plotting to file /dataVolume/storage/single_cell_pipeline/output/GT_20180109_SHL_H_sapiens_RB_31_output/copywriter/250kb/CNAprofiles/qc/read.counts.compensated.DR_Seq_1X-3_S11_R1_001_depth_under_3.bam.png 
Plotting to file /dataVolume/storage/single_cell_pipeline/output/GT_20180109_SHL_H_sapiens_RB_31_output/copywriter/250kb/CNAprofiles/qc/read.counts.compensated.DR_Seq_1X-4_S12_R1_001_depth_under_3.bam.png 
Plotting to file /dataVolume/storage/single_cell_pipeline/output/GT_20180109_SHL_H_sapiens_RB_31_output/copywriter/250kb/CNAprofiles/qc/read.counts.compensated.DR_Seq_1X-5_S13_R1_001_depth_under_3.bam.png 
Plotting to file /dataVolume/storage/single_cell_pipeline/output/GT_20180109_SHL_H_sapiens_RB_31_output/copywriter/250kb/CNAprofiles/qc/read.counts.compensated.DR_Seq_1X-6_S14_R1_001_depth_under_3.bam.png 
Plotting to file /dataVolume/storage/single_cell_pipeline/output/GT_20180109_SHL_H_sapiens_RB_31_output/copywriter/250kb/CNAprofiles/qc/read.counts.compensated.DR_Seq_1X-7_S15_R1_001_depth_under_3.bam.png 
Plotting to file /dataVolume/storage/single_cell_pipeline/output/GT_20180109_SHL_H_sapiens_RB_31_output/copywriter/250kb/CNAprofiles/qc/read.counts.compensated.DR_Seq_1X-8_S16_R1_001_depth_under_3.bam.png 
Plotting to file /dataVolume/storage/single_cell_pipeline/output/GT_20180109_SHL_H_sapiens_RB_31_output/copywriter/250kb/CNAprofiles/qc/read.counts.compensated.DR_Seq_1X-9_S17_R1_001_depth_under_3.bam.png 
Plotting to file /dataVolume/storage/single_cell_pipeline/output/GT_20180109_SHL_H_sapiens_RB_31_output/copywriter/250kb/CNAprofiles/qc/read.counts.compensated.DR_Seq_1X-10_S18_R1_001_depth_under_3.bam.png 
Plotting to file /dataVolume/storage/single_cell_pipeline/output/GT_20180109_SHL_H_sapiens_RB_31_output/copywriter/250kb/CNAprofiles/qc/read.counts.compensated.DR_Seq_0_5X-1_S19_R1_001_depth_under_3.bam.png 
Plotting to file /dataVolume/storage/single_cell_pipeline/output/GT_20180109_SHL_H_sapiens_RB_31_output/copywriter/250kb/CNAprofiles/qc/read.counts.compensated.DR_Seq_0_5X-2_S20_R1_001_depth_under_3.bam.png 
Plotting to file /dataVolume/storage/single_cell_pipeline/output/GT_20180109_SHL_H_sapiens_RB_31_output/copywriter/250kb/CNAprofiles/qc/read.counts.compensated.DR_Seq_0_5X-3_S21_R1_001_depth_under_3.bam.png 
Total calculation time of CopywriteR was:  52.87 

Analyzing: log2.RNA.Seq.1_S1_R1_001_depth_under_3.bam.vs.log2.RNA.Seq.1_S1_R1_001_depth_under_3.bam 
Analyzing: log2.RNA.Seq.2_S2_R1_001_depth_under_3.bam.vs.log2.RNA.Seq.2_S2_R1_001_depth_under_3.bam 
Analyzing: log2.RNA.Seq.3_S3_R1_001_depth_under_3.bam.vs.log2.RNA.Seq.3_S3_R1_001_depth_under_3.bam 
Analyzing: log2.RNA.Seq.4_S4_R1_001_depth_under_3.bam.vs.log2.RNA.Seq.4_S4_R1_001_depth_under_3.bam 
Analyzing: log2.RNA.Seq.5_S5_R1_001_depth_under_3.bam.vs.log2.RNA.Seq.5_S5_R1_001_depth_under_3.bam 
Analyzing: log2.RNA.Seq.6_S6_R1_001_depth_under_3.bam.vs.log2.RNA.Seq.6_S6_R1_001_depth_under_3.bam 
Analyzing: log2.RNA.Seq.7_S7_R1_001_depth_under_3.bam.vs.log2.RNA.Seq.7_S7_R1_001_depth_under_3.bam 
Analyzing: log2.RNA.Seq.8_S8_R1_001_depth_under_3.bam.vs.log2.RNA.Seq.8_S8_R1_001_depth_under_3.bam 
Analyzing: log2.DR_Seq_1X.1_S9_R1_001_depth_under_3.bam.vs.log2.DR_Seq_1X.1_S9_R1_001_depth_under_3.bam 
Analyzing: log2.DR_Seq_1X.2_S10_R1_001_depth_under_3.bam.vs.log2.DR_Seq_1X.2_S10_R1_001_depth_under_3.bam 
Analyzing: log2.DR_Seq_1X.3_S11_R1_001_depth_under_3.bam.vs.log2.DR_Seq_1X.3_S11_R1_001_depth_under_3.bam 
Analyzing: log2.DR_Seq_1X.4_S12_R1_001_depth_under_3.bam.vs.log2.DR_Seq_1X.4_S12_R1_001_depth_under_3.bam 
Analyzing: log2.DR_Seq_1X.5_S13_R1_001_depth_under_3.bam.vs.log2.DR_Seq_1X.5_S13_R1_001_depth_under_3.bam 
Analyzing: log2.DR_Seq_1X.6_S14_R1_001_depth_under_3.bam.vs.log2.DR_Seq_1X.6_S14_R1_001_depth_under_3.bam 
Analyzing: log2.DR_Seq_1X.7_S15_R1_001_depth_under_3.bam.vs.log2.DR_Seq_1X.7_S15_R1_001_depth_under_3.bam 
Analyzing: log2.DR_Seq_1X.8_S16_R1_001_depth_under_3.bam.vs.log2.DR_Seq_1X.8_S16_R1_001_depth_under_3.bam 
Analyzing: log2.DR_Seq_1X.9_S17_R1_001_depth_under_3.bam.vs.log2.DR_Seq_1X.9_S17_R1_001_depth_under_3.bam 
Analyzing: log2.DR_Seq_1X.10_S18_R1_001_depth_under_3.bam.vs.log2.DR_Seq_1X.10_S18_R1_001_depth_under_3.bam 
Analyzing: log2.DR_Seq_0_5X.1_S19_R1_001_depth_under_3.bam.vs.log2.DR_Seq_0_5X.1_S19_R1_001_depth_under_3.bam 
Analyzing: log2.DR_Seq_0_5X.2_S20_R1_001_depth_under_3.bam.vs.log2.DR_Seq_0_5X.2_S20_R1_001_depth_under_3.bam 
Analyzing: log2.DR_Seq_0_5X.3_S21_R1_001_depth_under_3.bam.vs.log2.DR_Seq_0_5X.3_S21_R1_001_depth_under_3.bam 
Analyzing: log2.DR_Seq_0_5X.4_S22_R1_001_depth_under_3.bam.vs.log2.DR_Seq_0_5X.4_S22_R1_001_depth_under_3.bam 
Analyzing: log2.DR_Seq_0_5X.5_S23_R1_001_depth_under_3.bam.vs.log2.DR_Seq_0_5X.5_S23_R1_001_depth_under_3.bam 
Analyzing: log2.DR_Seq_0_5X.6_S24_R1_001_depth_under_3.bam.vs.log2.DR_Seq_0_5X.6_S24_R1_001_depth_under_3.bam 
Analyzing: log2.DR_Seq_0_5X.7_S25_R1_001_depth_under_3.bam.vs.log2.DR_Seq_0_5X.7_S25_R1_001_depth_under_3.bam 
Analyzing: log2.DR_Seq_0_3X.1_S26_R1_001_depth_under_3.bam.vs.log2.DR_Seq_0_3X.1_S26_R1_001_depth_under_3.bam 
Analyzing: log2.DR_Seq_0_3X.2_S27_R1_001_depth_under_3.bam.vs.log2.DR_Seq_0_3X.2_S27_R1_001_depth_under_3.bam 
Analyzing: log2.DR_Seq_0_3X.3_S28_R1_001_depth_under_3.bam.vs.log2.DR_Seq_0_3X.3_S28_R1_001_depth_under_3.bam 
Analyzing: log2.DR_Seq_0_3X.4_S29_R1_001_depth_under_3.bam.vs.log2.DR_Seq_0_3X.4_S29_R1_001_depth_under_3.bam 
Analyzing: log2.DR_Seq_0_3X.5_S30_R1_001_depth_under_3.bam.vs.log2.DR_Seq_0_3X.5_S30_R1_001_depth_under_3.bam 
Analyzing: log2.DR_Seq_0_3X.6_S31_R1_001_depth_under_3.bam.vs.log2.DR_Seq_0_3X.6_S31_R1_001_depth_under_3.bam 
Analyzing: log2.DR_Seq_0_3X.7_S32_R1_001_depth_under_3.bam.vs.log2.DR_Seq_0_3X.7_S32_R1_001_depth_under_3.bam 
Analyzing: log2.RNA.Seq.1_S1_R1_001_depth_under_3.bam.vs.none 
Analyzing: log2.RNA.Seq.2_S2_R1_001_depth_under_3.bam.vs.none 
Analyzing: log2.RNA.Seq.3_S3_R1_001_depth_under_3.bam.vs.none 
Analyzing: log2.RNA.Seq.4_S4_R1_001_depth_under_3.bam.vs.none 
Analyzing: log2.RNA.Seq.5_S5_R1_001_depth_under_3.bam.vs.none 
Analyzing: log2.RNA.Seq.6_S6_R1_001_depth_under_3.bam.vs.none 
Analyzing: log2.RNA.Seq.7_S7_R1_001_depth_under_3.bam.vs.none 
Analyzing: log2.RNA.Seq.8_S8_R1_001_depth_under_3.bam.vs.none 
Analyzing: log2.DR_Seq_1X.1_S9_R1_001_depth_under_3.bam.vs.none 
Analyzing: log2.DR_Seq_1X.2_S10_R1_001_depth_under_3.bam.vs.none 
Analyzing: log2.DR_Seq_1X.3_S11_R1_001_depth_under_3.bam.vs.none 
Analyzing: log2.DR_Seq_1X.4_S12_R1_001_depth_under_3.bam.vs.none 
Analyzing: log2.DR_Seq_1X.5_S13_R1_001_depth_under_3.bam.vs.none 
Analyzing: log2.DR_Seq_1X.6_S14_R1_001_depth_under_3.bam.vs.none 
Analyzing: log2.DR_Seq_1X.7_S15_R1_001_depth_under_3.bam.vs.none 
Analyzing: log2.DR_Seq_1X.8_S16_R1_001_depth_under_3.bam.vs.none 
Analyzing: log2.DR_Seq_1X.9_S17_R1_001_depth_under_3.bam.vs.none 
Analyzing: log2.DR_Seq_1X.10_S18_R1_001_depth_under_3.bam.vs.none 
Analyzing: log2.DR_Seq_0_5X.1_S19_R1_001_depth_under_3.bam.vs.none 
Analyzing: log2.DR_Seq_0_5X.2_S20_R1_001_depth_under_3.bam.vs.none 
Analyzing: log2.DR_Seq_0_5X.3_S21_R1_001_depth_under_3.bam.vs.none 
Analyzing: log2.DR_Seq_0_5X.4_S22_R1_001_depth_under_3.bam.vs.none 
Analyzing: log2.DR_Seq_0_5X.5_S23_R1_001_depth_under_3.bam.vs.none 
Analyzing: log2.DR_Seq_0_5X.6_S24_R1_001_depth_under_3.bam.vs.none 
Analyzing: log2.DR_Seq_0_5X.7_S25_R1_001_depth_under_3.bam.vs.none 
Analyzing: log2.DR_Seq_0_3X.1_S26_R1_001_depth_under_3.bam.vs.none 
Analyzing: log2.DR_Seq_0_3X.2_S27_R1_001_depth_under_3.bam.vs.none 
Analyzing: log2.DR_Seq_0_3X.3_S28_R1_001_depth_under_3.bam.vs.none 
Analyzing: log2.DR_Seq_0_3X.4_S29_R1_001_depth_under_3.bam.vs.none 
Analyzing: log2.DR_Seq_0_3X.5_S30_R1_001_depth_under_3.bam.vs.none 
Analyzing: log2.DR_Seq_0_3X.6_S31_R1_001_depth_under_3.bam.vs.none 
Analyzing: log2.DR_Seq_0_3X.7_S32_R1_001_depth_under_3.bam.vs.none 
Total calculation time of CopywriteR was:  18.53562 

Loading required package: methods
The output folder ‘/dataVolume/storage/single_cell_pipeline/output/
  GT_20180109_SHL_H_sapiens_RB_31_output/copywriter/500kb’ has been
  detected 
Generated GC-content and mappability data at 500000 bp resolution... 
Generated blacklist file... 
The following samples will be analyzed: 
sample: RNA-Seq-1_S1_R1_001_depth_under_3.bam ; 	 matching control: RNA-Seq-1_S1_R1_001_depth_under_3.bam
sample: RNA-Seq-2_S2_R1_001_depth_under_3.bam ; 	 matching control: RNA-Seq-2_S2_R1_001_depth_under_3.bam
sample: RNA-Seq-3_S3_R1_001_depth_under_3.bam ; 	 matching control: RNA-Seq-3_S3_R1_001_depth_under_3.bam
sample: RNA-Seq-4_S4_R1_001_depth_under_3.bam ; 	 matching control: RNA-Seq-4_S4_R1_001_depth_under_3.bam
sample: RNA-Seq-5_S5_R1_001_depth_under_3.bam ; 	 matching control: RNA-Seq-5_S5_R1_001_depth_under_3.bam
sample: RNA-Seq-6_S6_R1_001_depth_under_3.bam ; 	 matching control: RNA-Seq-6_S6_R1_001_depth_under_3.bam
sample: RNA-Seq-7_S7_R1_001_depth_under_3.bam ; 	 matching control: RNA-Seq-7_S7_R1_001_depth_under_3.bam
sample: RNA-Seq-8_S8_R1_001_depth_under_3.bam ; 	 matching control: RNA-Seq-8_S8_R1_001_depth_under_3.bam
sample: DR_Seq_1X-1_S9_R1_001_depth_under_3.bam ; 	 matching control: DR_Seq_1X-1_S9_R1_001_depth_under_3.bam
sample: DR_Seq_1X-2_S10_R1_001_depth_under_3.bam ; 	 matching control: DR_Seq_1X-2_S10_R1_001_depth_under_3.bam
sample: DR_Seq_1X-3_S11_R1_001_depth_under_3.bam ; 	 matching control: DR_Seq_1X-3_S11_R1_001_depth_under_3.bam
sample: DR_Seq_1X-4_S12_R1_001_depth_under_3.bam ; 	 matching control: DR_Seq_1X-4_S12_R1_001_depth_under_3.bam
sample: DR_Seq_1X-5_S13_R1_001_depth_under_3.bam ; 	 matching control: DR_Seq_1X-5_S13_R1_001_depth_under_3.bam
sample: DR_Seq_1X-6_S14_R1_001_depth_under_3.bam ; 	 matching control: DR_Seq_1X-6_S14_R1_001_depth_under_3.bam
sample: DR_Seq_1X-7_S15_R1_001_depth_under_3.bam ; 	 matching control: DR_Seq_1X-7_S15_R1_001_depth_under_3.bam
sample: DR_Seq_1X-8_S16_R1_001_depth_under_3.bam ; 	 matching control: DR_Seq_1X-8_S16_R1_001_depth_under_3.bam
sample: DR_Seq_1X-9_S17_R1_001_depth_under_3.bam ; 	 matching control: DR_Seq_1X-9_S17_R1_001_depth_under_3.bam
sample: DR_Seq_1X-10_S18_R1_001_depth_under_3.bam ; 	 matching control: DR_Seq_1X-10_S18_R1_001_depth_under_3.bam
sample: DR_Seq_0_5X-1_S19_R1_001_depth_under_3.bam ; 	 matching control: DR_Seq_0_5X-1_S19_R1_001_depth_under_3.bam
sample: DR_Seq_0_5X-2_S20_R1_001_depth_under_3.bam ; 	 matching control: DR_Seq_0_5X-2_S20_R1_001_depth_under_3.bam
sample: DR_Seq_0_5X-3_S21_R1_001_depth_under_3.bam ; 	 matching control: DR_Seq_0_5X-3_S21_R1_001_depth_under_3.bam
sample: DR_Seq_0_5X-4_S22_R1_001_depth_under_3.bam ; 	 matching control: DR_Seq_0_5X-4_S22_R1_001_depth_under_3.bam
sample: DR_Seq_0_5X-5_S23_R1_001_depth_under_3.bam ; 	 matching control: DR_Seq_0_5X-5_S23_R1_001_depth_under_3.bam
sample: DR_Seq_0_5X-6_S24_R1_001_depth_under_3.bam ; 	 matching control: DR_Seq_0_5X-6_S24_R1_001_depth_under_3.bam
sample: DR_Seq_0_5X-7_S25_R1_001_depth_under_3.bam ; 	 matching control: DR_Seq_0_5X-7_S25_R1_001_depth_under_3.bam
sample: DR_Seq_0_3X-1_S26_R1_001_depth_under_3.bam ; 	 matching control: DR_Seq_0_3X-1_S26_R1_001_depth_under_3.bam
sample: DR_Seq_0_3X-2_S27_R1_001_depth_under_3.bam ; 	 matching control: DR_Seq_0_3X-2_S27_R1_001_depth_under_3.bam
sample: DR_Seq_0_3X-3_S28_R1_001_depth_under_3.bam ; 	 matching control: DR_Seq_0_3X-3_S28_R1_001_depth_under_3.bam
sample: DR_Seq_0_3X-4_S29_R1_001_depth_under_3.bam ; 	 matching control: DR_Seq_0_3X-4_S29_R1_001_depth_under_3.bam
sample: DR_Seq_0_3X-5_S30_R1_001_depth_under_3.bam ; 	 matching control: DR_Seq_0_3X-5_S30_R1_001_depth_under_3.bam
sample: DR_Seq_0_3X-6_S31_R1_001_depth_under_3.bam ; 	 matching control: DR_Seq_0_3X-6_S31_R1_001_depth_under_3.bam
sample: DR_Seq_0_3X-7_S32_R1_001_depth_under_3.bam ; 	 matching control: DR_Seq_0_3X-7_S32_R1_001_depth_under_3.bam
The bin size for this analysis is 500000 
The capture region file is not specified 
This analysis will be run on 3 cpus 
Plotting to file /dataVolume/storage/single_cell_pipeline/output/GT_20180109_SHL_H_sapiens_RB_31_output/copywriter/500kb/CNAprofiles/qc/read.counts.compensated.RNA-Seq-1_S1_R1_001_depth_under_3.bam.png 
Plotting to file /dataVolume/storage/single_cell_pipeline/output/GT_20180109_SHL_H_sapiens_RB_31_output/copywriter/500kb/CNAprofiles/qc/read.counts.compensated.RNA-Seq-2_S2_R1_001_depth_under_3.bam.png 
Plotting to file /dataVolume/storage/single_cell_pipeline/output/GT_20180109_SHL_H_sapiens_RB_31_output/copywriter/500kb/CNAprofiles/qc/read.counts.compensated.RNA-Seq-3_S3_R1_001_depth_under_3.bam.png 
Plotting to file /dataVolume/storage/single_cell_pipeline/output/GT_20180109_SHL_H_sapiens_RB_31_output/copywriter/500kb/CNAprofiles/qc/read.counts.compensated.RNA-Seq-4_S4_R1_001_depth_under_3.bam.png 
Plotting to file /dataVolume/storage/single_cell_pipeline/output/GT_20180109_SHL_H_sapiens_RB_31_output/copywriter/500kb/CNAprofiles/qc/read.counts.compensated.RNA-Seq-5_S5_R1_001_depth_under_3.bam.png 
Plotting to file /dataVolume/storage/single_cell_pipeline/output/GT_20180109_SHL_H_sapiens_RB_31_output/copywriter/500kb/CNAprofiles/qc/read.counts.compensated.RNA-Seq-6_S6_R1_001_depth_under_3.bam.png 
Plotting to file /dataVolume/storage/single_cell_pipeline/output/GT_20180109_SHL_H_sapiens_RB_31_output/copywriter/500kb/CNAprofiles/qc/read.counts.compensated.RNA-Seq-7_S7_R1_001_depth_under_3.bam.png 
Plotting to file /dataVolume/storage/single_cell_pipeline/output/GT_20180109_SHL_H_sapiens_RB_31_output/copywriter/500kb/CNAprofiles/qc/read.counts.compensated.RNA-Seq-8_S8_R1_001_depth_under_3.bam.png 
Plotting to file /dataVolume/storage/single_cell_pipeline/output/GT_20180109_SHL_H_sapiens_RB_31_output/copywriter/500kb/CNAprofiles/qc/read.counts.compensated.DR_Seq_1X-1_S9_R1_001_depth_under_3.bam.png 
Plotting to file /dataVolume/storage/single_cell_pipeline/output/GT_20180109_SHL_H_sapiens_RB_31_output/copywriter/500kb/CNAprofiles/qc/read.counts.compensated.DR_Seq_1X-2_S10_R1_001_depth_under_3.bam.png 
Plotting to file /dataVolume/storage/single_cell_pipeline/output/GT_20180109_SHL_H_sapiens_RB_31_output/copywriter/500kb/CNAprofiles/qc/read.counts.compensated.DR_Seq_1X-3_S11_R1_001_depth_under_3.bam.png 
Plotting to file /dataVolume/storage/single_cell_pipeline/output/GT_20180109_SHL_H_sapiens_RB_31_output/copywriter/500kb/CNAprofiles/qc/read.counts.compensated.DR_Seq_1X-4_S12_R1_001_depth_under_3.bam.png 
Plotting to file /dataVolume/storage/single_cell_pipeline/output/GT_20180109_SHL_H_sapiens_RB_31_output/copywriter/500kb/CNAprofiles/qc/read.counts.compensated.DR_Seq_1X-5_S13_R1_001_depth_under_3.bam.png 
Plotting to file /dataVolume/storage/single_cell_pipeline/output/GT_20180109_SHL_H_sapiens_RB_31_output/copywriter/500kb/CNAprofiles/qc/read.counts.compensated.DR_Seq_1X-6_S14_R1_001_depth_under_3.bam.png 
Plotting to file /dataVolume/storage/single_cell_pipeline/output/GT_20180109_SHL_H_sapiens_RB_31_output/copywriter/500kb/CNAprofiles/qc/read.counts.compensated.DR_Seq_1X-7_S15_R1_001_depth_under_3.bam.png 
Plotting to file /dataVolume/storage/single_cell_pipeline/output/GT_20180109_SHL_H_sapiens_RB_31_output/copywriter/500kb/CNAprofiles/qc/read.counts.compensated.DR_Seq_1X-8_S16_R1_001_depth_under_3.bam.png 
Plotting to file /dataVolume/storage/single_cell_pipeline/output/GT_20180109_SHL_H_sapiens_RB_31_output/copywriter/500kb/CNAprofiles/qc/read.counts.compensated.DR_Seq_1X-9_S17_R1_001_depth_under_3.bam.png 
Plotting to file /dataVolume/storage/single_cell_pipeline/output/GT_20180109_SHL_H_sapiens_RB_31_output/copywriter/500kb/CNAprofiles/qc/read.counts.compensated.DR_Seq_1X-10_S18_R1_001_depth_under_3.bam.png 
Plotting to file /dataVolume/storage/single_cell_pipeline/output/GT_20180109_SHL_H_sapiens_RB_31_output/copywriter/500kb/CNAprofiles/qc/read.counts.compensated.DR_Seq_0_5X-1_S19_R1_001_depth_under_3.bam.png 
Plotting to file /dataVolume/storage/single_cell_pipeline/output/GT_20180109_SHL_H_sapiens_RB_31_output/copywriter/500kb/CNAprofiles/qc/read.counts.compensated.DR_Seq_0_5X-2_S20_R1_001_depth_under_3.bam.png 
Plotting to file /dataVolume/storage/single_cell_pipeline/output/GT_20180109_SHL_H_sapiens_RB_31_output/copywriter/500kb/CNAprofiles/qc/read.counts.compensated.DR_Seq_0_5X-3_S21_R1_001_depth_under_3.bam.png 
Plotting to file /dataVolume/storage/single_cell_pipeline/output/GT_20180109_SHL_H_sapiens_RB_31_output/copywriter/500kb/CNAprofiles/qc/read.counts.compensated.DR_Seq_0_5X-4_S22_R1_001_depth_under_3.bam.png 
Plotting to file /dataVolume/storage/single_cell_pipeline/output/GT_20180109_SHL_H_sapiens_RB_31_output/copywriter/500kb/CNAprofiles/qc/read.counts.compensated.DR_Seq_0_5X-5_S23_R1_001_depth_under_3.bam.png 
Plotting to file /dataVolume/storage/single_cell_pipeline/output/GT_20180109_SHL_H_sapiens_RB_31_output/copywriter/500kb/CNAprofiles/qc/read.counts.compensated.DR_Seq_0_5X-6_S24_R1_001_depth_under_3.bam.png 
Plotting to file /dataVolume/storage/single_cell_pipeline/output/GT_20180109_SHL_H_sapiens_RB_31_output/copywriter/500kb/CNAprofiles/qc/read.counts.compensated.DR_Seq_0_5X-7_S25_R1_001_depth_under_3.bam.png 
Plotting to file /dataVolume/storage/single_cell_pipeline/output/GT_20180109_SHL_H_sapiens_RB_31_output/copywriter/500kb/CNAprofiles/qc/read.counts.compensated.DR_Seq_0_3X-1_S26_R1_001_depth_under_3.bam.png 
Plotting to file /dataVolume/storage/single_cell_pipeline/output/GT_20180109_SHL_H_sapiens_RB_31_output/copywriter/500kb/CNAprofiles/qc/read.counts.compensated.DR_Seq_0_3X-2_S27_R1_001_depth_under_3.bam.png 
Plotting to file /dataVolume/storage/single_cell_pipeline/output/GT_20180109_SHL_H_sapiens_RB_31_output/copywriter/500kb/CNAprofiles/qc/read.counts.compensated.DR_Seq_0_3X-3_S28_R1_001_depth_under_3.bam.png 
Plotting to file /dataVolume/storage/single_cell_pipeline/output/GT_20180109_SHL_H_sapiens_RB_31_output/copywriter/500kb/CNAprofiles/qc/read.counts.compensated.DR_Seq_0_3X-4_S29_R1_001_depth_under_3.bam.png 
Plotting to file /dataVolume/storage/single_cell_pipeline/output/GT_20180109_SHL_H_sapiens_RB_31_output/copywriter/500kb/CNAprofiles/qc/read.counts.compensated.DR_Seq_0_3X-5_S30_R1_001_depth_under_3.bam.png 
Plotting to file /dataVolume/storage/single_cell_pipeline/output/GT_20180109_SHL_H_sapiens_RB_31_output/copywriter/500kb/CNAprofiles/qc/read.counts.compensated.DR_Seq_0_3X-6_S31_R1_001_depth_under_3.bam.png 
Plotting to file /dataVolume/storage/single_cell_pipeline/output/GT_20180109_SHL_H_sapiens_RB_31_output/copywriter/500kb/CNAprofiles/qc/read.counts.compensated.DR_Seq_0_3X-7_S32_R1_001_depth_under_3.bam.png 
Total calculation time of CopywriteR was:  52.80033 

Analyzing: log2.RNA.Seq.1_S1_R1_001_depth_under_3.bam.vs.log2.RNA.Seq.1_S1_R1_001_depth_under_3.bam 
Analyzing: log2.RNA.Seq.2_S2_R1_001_depth_under_3.bam.vs.log2.RNA.Seq.2_S2_R1_001_depth_under_3.bam 
Analyzing: log2.RNA.Seq.3_S3_R1_001_depth_under_3.bam.vs.log2.RNA.Seq.3_S3_R1_001_depth_under_3.bam 
Analyzing: log2.RNA.Seq.4_S4_R1_001_depth_under_3.bam.vs.log2.RNA.Seq.4_S4_R1_001_depth_under_3.bam 
Analyzing: log2.RNA.Seq.5_S5_R1_001_depth_under_3.bam.vs.log2.RNA.Seq.5_S5_R1_001_depth_under_3.bam 
Analyzing: log2.RNA.Seq.6_S6_R1_001_depth_under_3.bam.vs.log2.RNA.Seq.6_S6_R1_001_depth_under_3.bam 
Analyzing: log2.RNA.Seq.7_S7_R1_001_depth_under_3.bam.vs.log2.RNA.Seq.7_S7_R1_001_depth_under_3.bam 
Analyzing: log2.RNA.Seq.8_S8_R1_001_depth_under_3.bam.vs.log2.RNA.Seq.8_S8_R1_001_depth_under_3.bam 
Analyzing: log2.DR_Seq_1X.1_S9_R1_001_depth_under_3.bam.vs.log2.DR_Seq_1X.1_S9_R1_001_depth_under_3.bam 
Analyzing: log2.DR_Seq_1X.2_S10_R1_001_depth_under_3.bam.vs.log2.DR_Seq_1X.2_S10_R1_001_depth_under_3.bam 
Analyzing: log2.DR_Seq_1X.3_S11_R1_001_depth_under_3.bam.vs.log2.DR_Seq_1X.3_S11_R1_001_depth_under_3.bam 
Analyzing: log2.DR_Seq_1X.4_S12_R1_001_depth_under_3.bam.vs.log2.DR_Seq_1X.4_S12_R1_001_depth_under_3.bam 
Analyzing: log2.DR_Seq_1X.5_S13_R1_001_depth_under_3.bam.vs.log2.DR_Seq_1X.5_S13_R1_001_depth_under_3.bam 
Analyzing: log2.DR_Seq_1X.6_S14_R1_001_depth_under_3.bam.vs.log2.DR_Seq_1X.6_S14_R1_001_depth_under_3.bam 
Analyzing: log2.DR_Seq_1X.7_S15_R1_001_depth_under_3.bam.vs.log2.DR_Seq_1X.7_S15_R1_001_depth_under_3.bam 
Analyzing: log2.DR_Seq_1X.8_S16_R1_001_depth_under_3.bam.vs.log2.DR_Seq_1X.8_S16_R1_001_depth_under_3.bam 
Analyzing: log2.DR_Seq_1X.9_S17_R1_001_depth_under_3.bam.vs.log2.DR_Seq_1X.9_S17_R1_001_depth_under_3.bam 
Analyzing: log2.DR_Seq_1X.10_S18_R1_001_depth_under_3.bam.vs.log2.DR_Seq_1X.10_S18_R1_001_depth_under_3.bam 
Analyzing: log2.DR_Seq_0_5X.1_S19_R1_001_depth_under_3.bam.vs.log2.DR_Seq_0_5X.1_S19_R1_001_depth_under_3.bam 
Analyzing: log2.DR_Seq_0_5X.2_S20_R1_001_depth_under_3.bam.vs.log2.DR_Seq_0_5X.2_S20_R1_001_depth_under_3.bam 
Analyzing: log2.DR_Seq_0_5X.3_S21_R1_001_depth_under_3.bam.vs.log2.DR_Seq_0_5X.3_S21_R1_001_depth_under_3.bam 
Analyzing: log2.DR_Seq_0_5X.4_S22_R1_001_depth_under_3.bam.vs.log2.DR_Seq_0_5X.4_S22_R1_001_depth_under_3.bam 
Analyzing: log2.DR_Seq_0_5X.5_S23_R1_001_depth_under_3.bam.vs.log2.DR_Seq_0_5X.5_S23_R1_001_depth_under_3.bam 
Analyzing: log2.DR_Seq_0_5X.6_S24_R1_001_depth_under_3.bam.vs.log2.DR_Seq_0_5X.6_S24_R1_001_depth_under_3.bam 
Analyzing: log2.DR_Seq_0_5X.7_S25_R1_001_depth_under_3.bam.vs.log2.DR_Seq_0_5X.7_S25_R1_001_depth_under_3.bam 
Analyzing: log2.DR_Seq_0_3X.1_S26_R1_001_depth_under_3.bam.vs.log2.DR_Seq_0_3X.1_S26_R1_001_depth_under_3.bam 
Analyzing: log2.DR_Seq_0_3X.2_S27_R1_001_depth_under_3.bam.vs.log2.DR_Seq_0_3X.2_S27_R1_001_depth_under_3.bam 
Analyzing: log2.DR_Seq_0_3X.3_S28_R1_001_depth_under_3.bam.vs.log2.DR_Seq_0_3X.3_S28_R1_001_depth_under_3.bam 
Analyzing: log2.DR_Seq_0_3X.4_S29_R1_001_depth_under_3.bam.vs.log2.DR_Seq_0_3X.4_S29_R1_001_depth_under_3.bam 
Analyzing: log2.DR_Seq_0_3X.5_S30_R1_001_depth_under_3.bam.vs.log2.DR_Seq_0_3X.5_S30_R1_001_depth_under_3.bam 
Analyzing: log2.DR_Seq_0_3X.6_S31_R1_001_depth_under_3.bam.vs.log2.DR_Seq_0_3X.6_S31_R1_001_depth_under_3.bam 
Analyzing: log2.DR_Seq_0_3X.7_S32_R1_001_depth_under_3.bam.vs.log2.DR_Seq_0_3X.7_S32_R1_001_depth_under_3.bam 
Analyzing: log2.RNA.Seq.1_S1_R1_001_depth_under_3.bam.vs.none 
Analyzing: log2.RNA.Seq.2_S2_R1_001_depth_under_3.bam.vs.none 
Analyzing: log2.RNA.Seq.3_S3_R1_001_depth_under_3.bam.vs.none 
Analyzing: log2.RNA.Seq.4_S4_R1_001_depth_under_3.bam.vs.none 
Analyzing: log2.RNA.Seq.5_S5_R1_001_depth_under_3.bam.vs.none 
Analyzing: log2.RNA.Seq.6_S6_R1_001_depth_under_3.bam.vs.none 
Analyzing: log2.RNA.Seq.7_S7_R1_001_depth_under_3.bam.vs.none 
Analyzing: log2.RNA.Seq.8_S8_R1_001_depth_under_3.bam.vs.none 
Analyzing: log2.DR_Seq_1X.1_S9_R1_001_depth_under_3.bam.vs.none 
Analyzing: log2.DR_Seq_1X.2_S10_R1_001_depth_under_3.bam.vs.none 
Analyzing: log2.DR_Seq_1X.3_S11_R1_001_depth_under_3.bam.vs.none 
Analyzing: log2.DR_Seq_1X.4_S12_R1_001_depth_under_3.bam.vs.none 
Analyzing: log2.DR_Seq_1X.5_S13_R1_001_depth_under_3.bam.vs.none 
Analyzing: log2.DR_Seq_1X.6_S14_R1_001_depth_under_3.bam.vs.none 
Analyzing: log2.DR_Seq_1X.7_S15_R1_001_depth_under_3.bam.vs.none 
Analyzing: log2.DR_Seq_1X.8_S16_R1_001_depth_under_3.bam.vs.none 
Analyzing: log2.DR_Seq_1X.9_S17_R1_001_depth_under_3.bam.vs.none 
Analyzing: log2.DR_Seq_1X.10_S18_R1_001_depth_under_3.bam.vs.none 
Analyzing: log2.DR_Seq_0_5X.1_S19_R1_001_depth_under_3.bam.vs.none 
Analyzing: log2.DR_Seq_0_5X.2_S20_R1_001_depth_under_3.bam.vs.none 
Analyzing: log2.DR_Seq_0_5X.3_S21_R1_001_depth_under_3.bam.vs.none 
Analyzing: log2.DR_Seq_0_5X.4_S22_R1_001_depth_under_3.bam.vs.none 
Analyzing: log2.DR_Seq_0_5X.5_S23_R1_001_depth_under_3.bam.vs.none 
Analyzing: log2.DR_Seq_0_5X.6_S24_R1_001_depth_under_3.bam.vs.none 
Analyzing: log2.DR_Seq_0_5X.7_S25_R1_001_depth_under_3.bam.vs.none 
Analyzing: log2.DR_Seq_0_3X.1_S26_R1_001_depth_under_3.bam.vs.none 
Analyzing: log2.DR_Seq_0_3X.2_S27_R1_001_depth_under_3.bam.vs.none 
Analyzing: log2.DR_Seq_0_3X.3_S28_R1_001_depth_under_3.bam.vs.none 
Analyzing: log2.DR_Seq_0_3X.4_S29_R1_001_depth_under_3.bam.vs.none 
Analyzing: log2.DR_Seq_0_3X.5_S30_R1_001_depth_under_3.bam.vs.none 
Analyzing: log2.DR_Seq_0_3X.6_S31_R1_001_depth_under_3.bam.vs.none 
Analyzing: log2.DR_Seq_0_3X.7_S32_R1_001_depth_under_3.bam.vs.none 
Total calculation time of CopywriteR was:  10.93289 

Loading required package: methods
The output folder ‘/dataVolume/storage/single_cell_pipeline/output/
  GT_20180109_SHL_H_sapiens_RB_31_output/copywriter/2000kb’ has been
  detected 
Generated GC-content and mappability data at 2000000 bp resolution... 
Generated blacklist file... 
The following samples will be analyzed: 
sample: RNA-Seq-1_S1_R1_001_depth_under_3.bam ; 	 matching control: RNA-Seq-1_S1_R1_001_depth_under_3.bam
sample: RNA-Seq-2_S2_R1_001_depth_under_3.bam ; 	 matching control: RNA-Seq-2_S2_R1_001_depth_under_3.bam
sample: RNA-Seq-3_S3_R1_001_depth_under_3.bam ; 	 matching control: RNA-Seq-3_S3_R1_001_depth_under_3.bam
sample: RNA-Seq-4_S4_R1_001_depth_under_3.bam ; 	 matching control: RNA-Seq-4_S4_R1_001_depth_under_3.bam
sample: RNA-Seq-5_S5_R1_001_depth_under_3.bam ; 	 matching control: RNA-Seq-5_S5_R1_001_depth_under_3.bam
sample: RNA-Seq-6_S6_R1_001_depth_under_3.bam ; 	 matching control: RNA-Seq-6_S6_R1_001_depth_under_3.bam
sample: RNA-Seq-7_S7_R1_001_depth_under_3.bam ; 	 matching control: RNA-Seq-7_S7_R1_001_depth_under_3.bam
sample: RNA-Seq-8_S8_R1_001_depth_under_3.bam ; 	 matching control: RNA-Seq-8_S8_R1_001_depth_under_3.bam
sample: DR_Seq_1X-1_S9_R1_001_depth_under_3.bam ; 	 matching control: DR_Seq_1X-1_S9_R1_001_depth_under_3.bam
sample: DR_Seq_1X-2_S10_R1_001_depth_under_3.bam ; 	 matching control: DR_Seq_1X-2_S10_R1_001_depth_under_3.bam
sample: DR_Seq_1X-3_S11_R1_001_depth_under_3.bam ; 	 matching control: DR_Seq_1X-3_S11_R1_001_depth_under_3.bam
sample: DR_Seq_1X-4_S12_R1_001_depth_under_3.bam ; 	 matching control: DR_Seq_1X-4_S12_R1_001_depth_under_3.bam
sample: DR_Seq_1X-5_S13_R1_001_depth_under_3.bam ; 	 matching control: DR_Seq_1X-5_S13_R1_001_depth_under_3.bam
sample: DR_Seq_1X-6_S14_R1_001_depth_under_3.bam ; 	 matching control: DR_Seq_1X-6_S14_R1_001_depth_under_3.bam
sample: DR_Seq_1X-7_S15_R1_001_depth_under_3.bam ; 	 matching control: DR_Seq_1X-7_S15_R1_001_depth_under_3.bam
sample: DR_Seq_1X-8_S16_R1_001_depth_under_3.bam ; 	 matching control: DR_Seq_1X-8_S16_R1_001_depth_under_3.bam
sample: DR_Seq_1X-9_S17_R1_001_depth_under_3.bam ; 	 matching control: DR_Seq_1X-9_S17_R1_001_depth_under_3.bam
sample: DR_Seq_1X-10_S18_R1_001_depth_under_3.bam ; 	 matching control: DR_Seq_1X-10_S18_R1_001_depth_under_3.bam
sample: DR_Seq_0_5X-1_S19_R1_001_depth_under_3.bam ; 	 matching control: DR_Seq_0_5X-1_S19_R1_001_depth_under_3.bam
sample: DR_Seq_0_5X-2_S20_R1_001_depth_under_3.bam ; 	 matching control: DR_Seq_0_5X-2_S20_R1_001_depth_under_3.bam
sample: DR_Seq_0_5X-3_S21_R1_001_depth_under_3.bam ; 	 matching control: DR_Seq_0_5X-3_S21_R1_001_depth_under_3.bam
sample: DR_Seq_0_5X-4_S22_R1_001_depth_under_3.bam ; 	 matching control: DR_Seq_0_5X-4_S22_R1_001_depth_under_3.bam
sample: DR_Seq_0_5X-5_S23_R1_001_depth_under_3.bam ; 	 matching control: DR_Seq_0_5X-5_S23_R1_001_depth_under_3.bam
sample: DR_Seq_0_5X-6_S24_R1_001_depth_under_3.bam ; 	 matching control: DR_Seq_0_5X-6_S24_R1_001_depth_under_3.bam
sample: DR_Seq_0_5X-7_S25_R1_001_depth_under_3.bam ; 	 matching control: DR_Seq_0_5X-7_S25_R1_001_depth_under_3.bam
sample: DR_Seq_0_3X-1_S26_R1_001_depth_under_3.bam ; 	 matching control: DR_Seq_0_3X-1_S26_R1_001_depth_under_3.bam
sample: DR_Seq_0_3X-2_S27_R1_001_depth_under_3.bam ; 	 matching control: DR_Seq_0_3X-2_S27_R1_001_depth_under_3.bam
sample: DR_Seq_0_3X-3_S28_R1_001_depth_under_3.bam ; 	 matching control: DR_Seq_0_3X-3_S28_R1_001_depth_under_3.bam
sample: DR_Seq_0_3X-4_S29_R1_001_depth_under_3.bam ; 	 matching control: DR_Seq_0_3X-4_S29_R1_001_depth_under_3.bam
sample: DR_Seq_0_3X-5_S30_R1_001_depth_under_3.bam ; 	 matching control: DR_Seq_0_3X-5_S30_R1_001_depth_under_3.bam
sample: DR_Seq_0_3X-6_S31_R1_001_depth_under_3.bam ; 	 matching control: DR_Seq_0_3X-6_S31_R1_001_depth_under_3.bam
sample: DR_Seq_0_3X-7_S32_R1_001_depth_under_3.bam ; 	 matching control: DR_Seq_0_3X-7_S32_R1_001_depth_under_3.bam
The bin size for this analysis is 2000000 
The capture region file is not specified 
This analysis will be run on 3 cpus 
Plotting to file /dataVolume/storage/single_cell_pipeline/output/GT_20180109_SHL_H_sapiens_RB_31_output/copywriter/2000kb/CNAprofiles/qc/read.counts.compensated.DR_Seq_0_5X-4_S22_R1_001_depth_under_3.bam.png 
Plotting to file /dataVolume/storage/single_cell_pipeline/output/GT_20180109_SHL_H_sapiens_RB_31_output/copywriter/2000kb/CNAprofiles/qc/read.counts.compensated.DR_Seq_0_5X-5_S23_R1_001_depth_under_3.bam.png 
Plotting to file /dataVolume/storage/single_cell_pipeline/output/GT_20180109_SHL_H_sapiens_RB_31_output/copywriter/2000kb/CNAprofiles/qc/read.counts.compensated.DR_Seq_0_5X-6_S24_R1_001_depth_under_3.bam.png 
Plotting to file /dataVolume/storage/single_cell_pipeline/output/GT_20180109_SHL_H_sapiens_RB_31_output/copywriter/2000kb/CNAprofiles/qc/read.counts.compensated.DR_Seq_0_5X-7_S25_R1_001_depth_under_3.bam.png 
Plotting to file /dataVolume/storage/single_cell_pipeline/output/GT_20180109_SHL_H_sapiens_RB_31_output/copywriter/2000kb/CNAprofiles/qc/read.counts.compensated.DR_Seq_0_3X-1_S26_R1_001_depth_under_3.bam.png 
Plotting to file /dataVolume/storage/single_cell_pipeline/output/GT_20180109_SHL_H_sapiens_RB_31_output/copywriter/2000kb/CNAprofiles/qc/read.counts.compensated.DR_Seq_0_3X-2_S27_R1_001_depth_under_3.bam.png 
Plotting to file /dataVolume/storage/single_cell_pipeline/output/GT_20180109_SHL_H_sapiens_RB_31_output/copywriter/2000kb/CNAprofiles/qc/read.counts.compensated.DR_Seq_0_3X-3_S28_R1_001_depth_under_3.bam.png 
Plotting to file /dataVolume/storage/single_cell_pipeline/output/GT_20180109_SHL_H_sapiens_RB_31_output/copywriter/2000kb/CNAprofiles/qc/read.counts.compensated.DR_Seq_0_3X-4_S29_R1_001_depth_under_3.bam.png 
Plotting to file /dataVolume/storage/single_cell_pipeline/output/GT_20180109_SHL_H_sapiens_RB_31_output/copywriter/2000kb/CNAprofiles/qc/read.counts.compensated.DR_Seq_0_3X-5_S30_R1_001_depth_under_3.bam.png 
Plotting to file /dataVolume/storage/single_cell_pipeline/output/GT_20180109_SHL_H_sapiens_RB_31_output/copywriter/2000kb/CNAprofiles/qc/read.counts.compensated.DR_Seq_0_3X-6_S31_R1_001_depth_under_3.bam.png 
Plotting to file /dataVolume/storage/single_cell_pipeline/output/GT_20180109_SHL_H_sapiens_RB_31_output/copywriter/2000kb/CNAprofiles/qc/read.counts.compensated.DR_Seq_0_3X-7_S32_R1_001_depth_under_3.bam.png 
Plotting to file /dataVolume/storage/single_cell_pipeline/output/GT_20180109_SHL_H_sapiens_RB_31_output/copywriter/2000kb/CNAprofiles/qc/read.counts.compensated.DR_Seq_1X-4_S12_R1_001_depth_under_3.bam.png 
Plotting to file /dataVolume/storage/single_cell_pipeline/output/GT_20180109_SHL_H_sapiens_RB_31_output/copywriter/2000kb/CNAprofiles/qc/read.counts.compensated.DR_Seq_1X-5_S13_R1_001_depth_under_3.bam.png 
Plotting to file /dataVolume/storage/single_cell_pipeline/output/GT_20180109_SHL_H_sapiens_RB_31_output/copywriter/2000kb/CNAprofiles/qc/read.counts.compensated.DR_Seq_1X-6_S14_R1_001_depth_under_3.bam.png 
Plotting to file /dataVolume/storage/single_cell_pipeline/output/GT_20180109_SHL_H_sapiens_RB_31_output/copywriter/2000kb/CNAprofiles/qc/read.counts.compensated.DR_Seq_1X-7_S15_R1_001_depth_under_3.bam.png 
Plotting to file /dataVolume/storage/single_cell_pipeline/output/GT_20180109_SHL_H_sapiens_RB_31_output/copywriter/2000kb/CNAprofiles/qc/read.counts.compensated.DR_Seq_1X-8_S16_R1_001_depth_under_3.bam.png 
Plotting to file /dataVolume/storage/single_cell_pipeline/output/GT_20180109_SHL_H_sapiens_RB_31_output/copywriter/2000kb/CNAprofiles/qc/read.counts.compensated.DR_Seq_1X-9_S17_R1_001_depth_under_3.bam.png 
Plotting to file /dataVolume/storage/single_cell_pipeline/output/GT_20180109_SHL_H_sapiens_RB_31_output/copywriter/2000kb/CNAprofiles/qc/read.counts.compensated.DR_Seq_1X-10_S18_R1_001_depth_under_3.bam.png 
Plotting to file /dataVolume/storage/single_cell_pipeline/output/GT_20180109_SHL_H_sapiens_RB_31_output/copywriter/2000kb/CNAprofiles/qc/read.counts.compensated.DR_Seq_0_5X-1_S19_R1_001_depth_under_3.bam.png 
Plotting to file /dataVolume/storage/single_cell_pipeline/output/GT_20180109_SHL_H_sapiens_RB_31_output/copywriter/2000kb/CNAprofiles/qc/read.counts.compensated.DR_Seq_0_5X-2_S20_R1_001_depth_under_3.bam.png 
Plotting to file /dataVolume/storage/single_cell_pipeline/output/GT_20180109_SHL_H_sapiens_RB_31_output/copywriter/2000kb/CNAprofiles/qc/read.counts.compensated.DR_Seq_0_5X-3_S21_R1_001_depth_under_3.bam.png 
Plotting to file /dataVolume/storage/single_cell_pipeline/output/GT_20180109_SHL_H_sapiens_RB_31_output/copywriter/2000kb/CNAprofiles/qc/read.counts.compensated.RNA-Seq-1_S1_R1_001_depth_under_3.bam.png 
Plotting to file /dataVolume/storage/single_cell_pipeline/output/GT_20180109_SHL_H_sapiens_RB_31_output/copywriter/2000kb/CNAprofiles/qc/read.counts.compensated.RNA-Seq-2_S2_R1_001_depth_under_3.bam.png 
Plotting to file /dataVolume/storage/single_cell_pipeline/output/GT_20180109_SHL_H_sapiens_RB_31_output/copywriter/2000kb/CNAprofiles/qc/read.counts.compensated.RNA-Seq-3_S3_R1_001_depth_under_3.bam.png 
Plotting to file /dataVolume/storage/single_cell_pipeline/output/GT_20180109_SHL_H_sapiens_RB_31_output/copywriter/2000kb/CNAprofiles/qc/read.counts.compensated.RNA-Seq-4_S4_R1_001_depth_under_3.bam.png 
Plotting to file /dataVolume/storage/single_cell_pipeline/output/GT_20180109_SHL_H_sapiens_RB_31_output/copywriter/2000kb/CNAprofiles/qc/read.counts.compensated.RNA-Seq-5_S5_R1_001_depth_under_3.bam.png 
Plotting to file /dataVolume/storage/single_cell_pipeline/output/GT_20180109_SHL_H_sapiens_RB_31_output/copywriter/2000kb/CNAprofiles/qc/read.counts.compensated.RNA-Seq-6_S6_R1_001_depth_under_3.bam.png 
Plotting to file /dataVolume/storage/single_cell_pipeline/output/GT_20180109_SHL_H_sapiens_RB_31_output/copywriter/2000kb/CNAprofiles/qc/read.counts.compensated.RNA-Seq-7_S7_R1_001_depth_under_3.bam.png 
Plotting to file /dataVolume/storage/single_cell_pipeline/output/GT_20180109_SHL_H_sapiens_RB_31_output/copywriter/2000kb/CNAprofiles/qc/read.counts.compensated.RNA-Seq-8_S8_R1_001_depth_under_3.bam.png 
Plotting to file /dataVolume/storage/single_cell_pipeline/output/GT_20180109_SHL_H_sapiens_RB_31_output/copywriter/2000kb/CNAprofiles/qc/read.counts.compensated.DR_Seq_1X-1_S9_R1_001_depth_under_3.bam.png 
Plotting to file /dataVolume/storage/single_cell_pipeline/output/GT_20180109_SHL_H_sapiens_RB_31_output/copywriter/2000kb/CNAprofiles/qc/read.counts.compensated.DR_Seq_1X-2_S10_R1_001_depth_under_3.bam.png 
Plotting to file /dataVolume/storage/single_cell_pipeline/output/GT_20180109_SHL_H_sapiens_RB_31_output/copywriter/2000kb/CNAprofiles/qc/read.counts.compensated.DR_Seq_1X-3_S11_R1_001_depth_under_3.bam.png 
Total calculation time of CopywriteR was:  51.69673 

Analyzing: log2.RNA.Seq.1_S1_R1_001_depth_under_3.bam.vs.log2.RNA.Seq.1_S1_R1_001_depth_under_3.bam 
Analyzing: log2.RNA.Seq.2_S2_R1_001_depth_under_3.bam.vs.log2.RNA.Seq.2_S2_R1_001_depth_under_3.bam 
Analyzing: log2.RNA.Seq.3_S3_R1_001_depth_under_3.bam.vs.log2.RNA.Seq.3_S3_R1_001_depth_under_3.bam 
Analyzing: log2.RNA.Seq.4_S4_R1_001_depth_under_3.bam.vs.log2.RNA.Seq.4_S4_R1_001_depth_under_3.bam 
Analyzing: log2.RNA.Seq.5_S5_R1_001_depth_under_3.bam.vs.log2.RNA.Seq.5_S5_R1_001_depth_under_3.bam 
Analyzing: log2.RNA.Seq.6_S6_R1_001_depth_under_3.bam.vs.log2.RNA.Seq.6_S6_R1_001_depth_under_3.bam 
Analyzing: log2.RNA.Seq.7_S7_R1_001_depth_under_3.bam.vs.log2.RNA.Seq.7_S7_R1_001_depth_under_3.bam 
Analyzing: log2.RNA.Seq.8_S8_R1_001_depth_under_3.bam.vs.log2.RNA.Seq.8_S8_R1_001_depth_under_3.bam 
Analyzing: log2.DR_Seq_1X.1_S9_R1_001_depth_under_3.bam.vs.log2.DR_Seq_1X.1_S9_R1_001_depth_under_3.bam 
Analyzing: log2.DR_Seq_1X.2_S10_R1_001_depth_under_3.bam.vs.log2.DR_Seq_1X.2_S10_R1_001_depth_under_3.bam 
Analyzing: log2.DR_Seq_1X.3_S11_R1_001_depth_under_3.bam.vs.log2.DR_Seq_1X.3_S11_R1_001_depth_under_3.bam 
Analyzing: log2.DR_Seq_1X.4_S12_R1_001_depth_under_3.bam.vs.log2.DR_Seq_1X.4_S12_R1_001_depth_under_3.bam 
Analyzing: log2.DR_Seq_1X.5_S13_R1_001_depth_under_3.bam.vs.log2.DR_Seq_1X.5_S13_R1_001_depth_under_3.bam 
Analyzing: log2.DR_Seq_1X.6_S14_R1_001_depth_under_3.bam.vs.log2.DR_Seq_1X.6_S14_R1_001_depth_under_3.bam 
Analyzing: log2.DR_Seq_1X.7_S15_R1_001_depth_under_3.bam.vs.log2.DR_Seq_1X.7_S15_R1_001_depth_under_3.bam 
Analyzing: log2.DR_Seq_1X.8_S16_R1_001_depth_under_3.bam.vs.log2.DR_Seq_1X.8_S16_R1_001_depth_under_3.bam 
Analyzing: log2.DR_Seq_1X.9_S17_R1_001_depth_under_3.bam.vs.log2.DR_Seq_1X.9_S17_R1_001_depth_under_3.bam 
Analyzing: log2.DR_Seq_1X.10_S18_R1_001_depth_under_3.bam.vs.log2.DR_Seq_1X.10_S18_R1_001_depth_under_3.bam 
Analyzing: log2.DR_Seq_0_5X.1_S19_R1_001_depth_under_3.bam.vs.log2.DR_Seq_0_5X.1_S19_R1_001_depth_under_3.bam 
Analyzing: log2.DR_Seq_0_5X.2_S20_R1_001_depth_under_3.bam.vs.log2.DR_Seq_0_5X.2_S20_R1_001_depth_under_3.bam 
Analyzing: log2.DR_Seq_0_5X.3_S21_R1_001_depth_under_3.bam.vs.log2.DR_Seq_0_5X.3_S21_R1_001_depth_under_3.bam 
Analyzing: log2.DR_Seq_0_5X.4_S22_R1_001_depth_under_3.bam.vs.log2.DR_Seq_0_5X.4_S22_R1_001_depth_under_3.bam 
Analyzing: log2.DR_Seq_0_5X.5_S23_R1_001_depth_under_3.bam.vs.log2.DR_Seq_0_5X.5_S23_R1_001_depth_under_3.bam 
Analyzing: log2.DR_Seq_0_5X.6_S24_R1_001_depth_under_3.bam.vs.log2.DR_Seq_0_5X.6_S24_R1_001_depth_under_3.bam 
Analyzing: log2.DR_Seq_0_5X.7_S25_R1_001_depth_under_3.bam.vs.log2.DR_Seq_0_5X.7_S25_R1_001_depth_under_3.bam 
Analyzing: log2.DR_Seq_0_3X.1_S26_R1_001_depth_under_3.bam.vs.log2.DR_Seq_0_3X.1_S26_R1_001_depth_under_3.bam 
Analyzing: log2.DR_Seq_0_3X.2_S27_R1_001_depth_under_3.bam.vs.log2.DR_Seq_0_3X.2_S27_R1_001_depth_under_3.bam 
Analyzing: log2.DR_Seq_0_3X.3_S28_R1_001_depth_under_3.bam.vs.log2.DR_Seq_0_3X.3_S28_R1_001_depth_under_3.bam 
Analyzing: log2.DR_Seq_0_3X.4_S29_R1_001_depth_under_3.bam.vs.log2.DR_Seq_0_3X.4_S29_R1_001_depth_under_3.bam 
Analyzing: log2.DR_Seq_0_3X.5_S30_R1_001_depth_under_3.bam.vs.log2.DR_Seq_0_3X.5_S30_R1_001_depth_under_3.bam 
Analyzing: log2.DR_Seq_0_3X.6_S31_R1_001_depth_under_3.bam.vs.log2.DR_Seq_0_3X.6_S31_R1_001_depth_under_3.bam 
Analyzing: log2.DR_Seq_0_3X.7_S32_R1_001_depth_under_3.bam.vs.log2.DR_Seq_0_3X.7_S32_R1_001_depth_under_3.bam 
Analyzing: log2.RNA.Seq.1_S1_R1_001_depth_under_3.bam.vs.none 
Analyzing: log2.RNA.Seq.2_S2_R1_001_depth_under_3.bam.vs.none 
Analyzing: log2.RNA.Seq.3_S3_R1_001_depth_under_3.bam.vs.none 
Analyzing: log2.RNA.Seq.4_S4_R1_001_depth_under_3.bam.vs.none 
Analyzing: log2.RNA.Seq.5_S5_R1_001_depth_under_3.bam.vs.none 
Analyzing: log2.RNA.Seq.6_S6_R1_001_depth_under_3.bam.vs.none 
Analyzing: log2.RNA.Seq.7_S7_R1_001_depth_under_3.bam.vs.none 
Analyzing: log2.RNA.Seq.8_S8_R1_001_depth_under_3.bam.vs.none 
Analyzing: log2.DR_Seq_1X.1_S9_R1_001_depth_under_3.bam.vs.none 
Analyzing: log2.DR_Seq_1X.2_S10_R1_001_depth_under_3.bam.vs.none 
Analyzing: log2.DR_Seq_1X.3_S11_R1_001_depth_under_3.bam.vs.none 
Analyzing: log2.DR_Seq_1X.4_S12_R1_001_depth_under_3.bam.vs.none 
Analyzing: log2.DR_Seq_1X.5_S13_R1_001_depth_under_3.bam.vs.none 
Analyzing: log2.DR_Seq_1X.6_S14_R1_001_depth_under_3.bam.vs.none 
Analyzing: log2.DR_Seq_1X.7_S15_R1_001_depth_under_3.bam.vs.none 
Analyzing: log2.DR_Seq_1X.8_S16_R1_001_depth_under_3.bam.vs.none 
Analyzing: log2.DR_Seq_1X.9_S17_R1_001_depth_under_3.bam.vs.none 
Analyzing: log2.DR_Seq_1X.10_S18_R1_001_depth_under_3.bam.vs.none 
Analyzing: log2.DR_Seq_0_5X.1_S19_R1_001_depth_under_3.bam.vs.none 
Analyzing: log2.DR_Seq_0_5X.2_S20_R1_001_depth_under_3.bam.vs.none 
Analyzing: log2.DR_Seq_0_5X.3_S21_R1_001_depth_under_3.bam.vs.none 
Analyzing: log2.DR_Seq_0_5X.4_S22_R1_001_depth_under_3.bam.vs.none 
Analyzing: log2.DR_Seq_0_5X.5_S23_R1_001_depth_under_3.bam.vs.none 
Analyzing: log2.DR_Seq_0_5X.6_S24_R1_001_depth_under_3.bam.vs.none 
Analyzing: log2.DR_Seq_0_5X.7_S25_R1_001_depth_under_3.bam.vs.none 
Analyzing: log2.DR_Seq_0_3X.1_S26_R1_001_depth_under_3.bam.vs.none 
Analyzing: log2.DR_Seq_0_3X.2_S27_R1_001_depth_under_3.bam.vs.none 
Analyzing: log2.DR_Seq_0_3X.3_S28_R1_001_depth_under_3.bam.vs.none 
Analyzing: log2.DR_Seq_0_3X.4_S29_R1_001_depth_under_3.bam.vs.none 
Analyzing: log2.DR_Seq_0_3X.5_S30_R1_001_depth_under_3.bam.vs.none 
Analyzing: log2.DR_Seq_0_3X.6_S31_R1_001_depth_under_3.bam.vs.none 
Analyzing: log2.DR_Seq_0_3X.7_S32_R1_001_depth_under_3.bam.vs.none 
Total calculation time of CopywriteR was:  3.658494 

